2018-01-29 20:29:21,087 INFO o.a.j.u.JMeterUtils: Setting Locale to en_US
2018-01-29 20:29:21,100 INFO o.a.j.JMeter: Loading user properties from: user.properties
2018-01-29 20:29:21,100 INFO o.a.j.JMeter: Loading system properties from: system.properties
2018-01-29 20:29:21,105 INFO o.a.j.JMeter: Copyright (c) 1998-2017 The Apache Software Foundation
2018-01-29 20:29:21,105 INFO o.a.j.JMeter: Version 3.3 r1808647
2018-01-29 20:29:21,105 INFO o.a.j.JMeter: java.version=1.8.0_151
2018-01-29 20:29:21,106 INFO o.a.j.JMeter: java.vm.name=OpenJDK 64-Bit Server VM
2018-01-29 20:29:21,106 INFO o.a.j.JMeter: os.name=Linux
2018-01-29 20:29:21,106 INFO o.a.j.JMeter: os.arch=amd64
2018-01-29 20:29:21,106 INFO o.a.j.JMeter: os.version=4.4.0-109-generic
2018-01-29 20:29:21,106 INFO o.a.j.JMeter: file.encoding=UTF-8
2018-01-29 20:29:21,106 INFO o.a.j.JMeter: Max memory     =3590324224
2018-01-29 20:29:21,106 INFO o.a.j.JMeter: Available Processors =4
2018-01-29 20:29:21,111 INFO o.a.j.JMeter: Default Locale=English (United States)
2018-01-29 20:29:21,111 INFO o.a.j.JMeter: JMeter  Locale=English (United States)
2018-01-29 20:29:21,111 INFO o.a.j.JMeter: JMeterHome=/home/lusithaperera/Desktop/Softwares/WillAll/apache-jmeter-3.3
2018-01-29 20:29:21,111 INFO o.a.j.JMeter: user.dir  =/home/lusithaperera/Desktop/Softwares/WillAll/apache-jmeter-3.3/bin
2018-01-29 20:29:21,111 INFO o.a.j.JMeter: PWD       =/home/lusithaperera/Desktop/Softwares/WillAll/apache-jmeter-3.3/bin
2018-01-29 20:29:21,112 INFO o.a.j.JMeter: IP: 127.0.1.1 Name: admin FullName: admin
2018-01-29 20:29:21,379 INFO o.a.j.g.a.LookAndFeelCommand: Using look and feel: javax.swing.plaf.metal.MetalLookAndFeel [Metal, CrossPlatform]
2018-01-29 20:29:21,385 INFO o.a.j.JMeter: Loaded icon properties from org/apache/jmeter/images/icon.properties
2018-01-29 20:29:22,085 INFO o.a.j.e.u.CompoundVariable: Note: Function class names must contain the string: '.functions.'
2018-01-29 20:29:22,085 INFO o.a.j.e.u.CompoundVariable: Note: Function class names must not contain the string: '.gui.'
2018-01-29 20:29:22,942 WARN o.j.r.PluginManager: Found JAR conflict: /home/lusithaperera/Desktop/Softwares/WillAll/apache-jmeter-3.3/lib/junit/Calc.jar and /home/lusithaperera/Desktop/Softwares/WillAll/apache-jmeter-3.3/lib/ext/Calc.jar
2018-01-29 20:29:24,065 INFO o.a.j.p.h.s.HTTPSamplerBase: Parser for text/html is org.apache.jmeter.protocol.http.parser.LagartoBasedHtmlParser
2018-01-29 20:29:24,066 INFO o.a.j.p.h.s.HTTPSamplerBase: Parser for application/xhtml+xml is org.apache.jmeter.protocol.http.parser.LagartoBasedHtmlParser
2018-01-29 20:29:24,066 INFO o.a.j.p.h.s.HTTPSamplerBase: Parser for application/xml is org.apache.jmeter.protocol.http.parser.LagartoBasedHtmlParser
2018-01-29 20:29:24,066 INFO o.a.j.p.h.s.HTTPSamplerBase: Parser for text/xml is org.apache.jmeter.protocol.http.parser.LagartoBasedHtmlParser
2018-01-29 20:29:24,066 INFO o.a.j.p.h.s.HTTPSamplerBase: Parser for text/vnd.wap.wml is org.apache.jmeter.protocol.http.parser.RegexpHTMLParser
2018-01-29 20:29:24,066 INFO o.a.j.p.h.s.HTTPSamplerBase: Parser for text/css is org.apache.jmeter.protocol.http.parser.CssParser
2018-01-29 20:29:25,021 WARN o.a.j.g.ObjectTableModel: Header count=13 but classes count=11
2018-01-29 20:29:25,021 WARN o.a.j.g.ObjectTableModel: Header count=13 but writeFunctor count=11
2018-01-29 20:29:25,362 INFO o.a.j.g.u.MenuFactory: Skipping org.apache.jmeter.assertions.BSFAssertion
2018-01-29 20:29:25,483 INFO o.a.j.g.u.MenuFactory: Skipping org.apache.jmeter.extractor.BSFPostProcessor
2018-01-29 20:29:25,513 INFO o.a.j.g.u.MenuFactory: Skipping org.apache.jmeter.modifiers.BSFPreProcessor
2018-01-29 20:29:25,792 INFO o.a.j.e.KeyToolUtils: keytool found at 'keytool'
2018-01-29 20:29:25,793 INFO o.a.j.p.h.p.ProxyControl: HTTP(S) Test Script Recorder SSL Proxy will use keys that support embedded 3rd party resources in file /home/lusithaperera/Desktop/Softwares/WillAll/apache-jmeter-3.3/bin/proxyserver.jks
2018-01-29 20:29:25,888 INFO o.a.j.g.u.MenuFactory: Skipping org.apache.jmeter.protocol.java.sampler.BSFSampler
2018-01-29 20:29:25,918 INFO o.a.j.s.FileServer: Default base='/home/lusithaperera/Desktop/Softwares/WillAll/apache-jmeter-3.3/bin'
2018-01-29 20:29:25,982 INFO o.a.j.g.u.MenuFactory: Skipping org.apache.jmeter.protocol.mongodb.config.MongoSourceElement
2018-01-29 20:29:25,982 INFO o.a.j.g.u.MenuFactory: Skipping org.apache.jmeter.protocol.mongodb.sampler.MongoScriptSampler
2018-01-29 20:29:26,093 INFO o.a.j.g.u.MenuFactory: Skipping org.apache.jmeter.timers.BSFTimer
2018-01-29 20:29:26,114 INFO o.a.j.g.u.MenuFactory: Skipping org.apache.jmeter.visualizers.BSFListener
2018-01-29 20:29:26,230 INFO o.a.j.s.SampleResult: Note: Sample TimeStamps are START times
2018-01-29 20:29:26,230 INFO o.a.j.s.SampleResult: sampleresult.default.encoding is set to ISO-8859-1
2018-01-29 20:29:26,230 INFO o.a.j.s.SampleResult: sampleresult.useNanoTime=true
2018-01-29 20:29:26,230 INFO o.a.j.s.SampleResult: sampleresult.nanoThreadSleep=5000
2018-01-29 20:29:26,256 WARN o.a.j.v.ViewResultsFullVisualizer: Error loading result renderer: org.apache.jmeter.visualizers.RenderInBrowser
java.lang.NoClassDefFoundError: javafx/embed/swing/JFXPanel
	at java.lang.Class.forName0(Native Method) ~[?:1.8.0_151]
	at java.lang.Class.forName(Class.java:264) ~[?:1.8.0_151]
	at org.apache.jmeter.visualizers.ViewResultsFullVisualizer.createComboRender(ViewResultsFullVisualizer.java:478) ~[ApacheJMeter_components.jar:3.3 r1808647]
	at org.apache.jmeter.visualizers.ViewResultsFullVisualizer.createLeftPanel(ViewResultsFullVisualizer.java:446) ~[ApacheJMeter_components.jar:3.3 r1808647]
	at org.apache.jmeter.visualizers.ViewResultsFullVisualizer.init(ViewResultsFullVisualizer.java:358) ~[ApacheJMeter_components.jar:3.3 r1808647]
	at org.apache.jmeter.visualizers.ViewResultsFullVisualizer.<init>(ViewResultsFullVisualizer.java:163) ~[ApacheJMeter_components.jar:3.3 r1808647]
	at sun.reflect.NativeConstructorAccessorImpl.newInstance0(Native Method) ~[?:1.8.0_151]
	at sun.reflect.NativeConstructorAccessorImpl.newInstance(NativeConstructorAccessorImpl.java:62) ~[?:1.8.0_151]
	at sun.reflect.DelegatingConstructorAccessorImpl.newInstance(DelegatingConstructorAccessorImpl.java:45) ~[?:1.8.0_151]
	at java.lang.reflect.Constructor.newInstance(Constructor.java:423) ~[?:1.8.0_151]
	at java.lang.Class.newInstance(Class.java:442) ~[?:1.8.0_151]
	at org.apache.jmeter.gui.util.MenuFactory.initializeMenus(MenuFactory.java:505) ~[ApacheJMeter_core.jar:3.3 r1808647]
	at org.apache.jmeter.gui.util.MenuFactory.<clinit>(MenuFactory.java:169) ~[ApacheJMeter_core.jar:3.3 r1808647]
	at org.apache.jmeter.control.gui.TestPlanGui.createPopupMenu(TestPlanGui.java:93) ~[ApacheJMeter_core.jar:3.3 r1808647]
	at org.apache.jmeter.gui.tree.JMeterTreeNode.createPopupMenu(JMeterTreeNode.java:156) ~[ApacheJMeter_core.jar:3.3 r1808647]
	at org.apache.jmeter.gui.action.EditCommand.doAction(EditCommand.java:46) ~[ApacheJMeter_core.jar:3.3 r1808647]
	at org.apache.jmeter.gui.action.ActionRouter.performAction(ActionRouter.java:80) ~[ApacheJMeter_core.jar:3.3 r1808647]
	at org.apache.jmeter.gui.action.ActionRouter.lambda$actionPerformed$0(ActionRouter.java:65) ~[ApacheJMeter_core.jar:3.3 r1808647]
	at java.awt.event.InvocationEvent.dispatch(InvocationEvent.java:311) [?:1.8.0_151]
	at java.awt.EventQueue.dispatchEventImpl(EventQueue.java:756) [?:1.8.0_151]
	at java.awt.EventQueue.access$500(EventQueue.java:97) [?:1.8.0_151]
	at java.awt.EventQueue$3.run(EventQueue.java:709) [?:1.8.0_151]
	at java.awt.EventQueue$3.run(EventQueue.java:703) [?:1.8.0_151]
	at java.security.AccessController.doPrivileged(Native Method) ~[?:1.8.0_151]
	at java.security.ProtectionDomain$JavaSecurityAccessImpl.doIntersectionPrivilege(ProtectionDomain.java:80) [?:1.8.0_151]
	at java.awt.EventQueue.dispatchEvent(EventQueue.java:726) [?:1.8.0_151]
	at java.awt.EventDispatchThread.pumpOneEventForFilters(EventDispatchThread.java:201) [?:1.8.0_151]
	at java.awt.EventDispatchThread.pumpEventsForFilter(EventDispatchThread.java:116) [?:1.8.0_151]
	at java.awt.EventDispatchThread.pumpEventsForHierarchy(EventDispatchThread.java:105) [?:1.8.0_151]
	at java.awt.EventDispatchThread.pumpEvents(EventDispatchThread.java:101) [?:1.8.0_151]
	at java.awt.EventDispatchThread.pumpEvents(EventDispatchThread.java:93) [?:1.8.0_151]
	at java.awt.EventDispatchThread.run(EventDispatchThread.java:82) [?:1.8.0_151]
Caused by: java.lang.ClassNotFoundException: javafx.embed.swing.JFXPanel
	at java.net.URLClassLoader.findClass(URLClassLoader.java:381) ~[?:1.8.0_151]
	at java.lang.ClassLoader.loadClass(ClassLoader.java:424) ~[?:1.8.0_151]
	at java.lang.ClassLoader.loadClass(ClassLoader.java:357) ~[?:1.8.0_151]
	... 32 more
2018-01-29 20:29:26,763 INFO o.j.r.PluginManager: Plugins Status: [jpgc-graphs-basic=2.0, jpgc-graphs-additional=2.0, jpgc-cmd=2.1, jpgc-functions=2.0, jpgc-casutg=2.4, jpgc-dummy=0.2, jpgc-filterresults=2.1, jpgc-ffw=2.0, jpgc-fifo=0.2, jpgc-mergeresults=2.1, jpgc-pde=0.1, bzm-parallel=0.2, jpgc-prmctl=0.3, jpgc-perfmon=2.1, jpgc-plugins-manager=0.16, jpgc-rotating-listener=0.1, ssh-sampler=1.1.1-SNAPSHOT, tilln-sshmon=1.0, jpgc-webdriver=2.2, jpgc-synthesis=2.1, jpgc-plancheck=2.2, jpgc-tst=2.1, jpgc-udp=0.3, jpgc-csvars=0.1, tilln-wssecurity=1.3, websocket-sampler=1.0.2-SNAPSHOT, websocket-samplers=0.12, jpgc-wsc=0.3, jpgc-xml=0.1, jpgc-xmpp=1.5.1, jmeter-core=3.3, jmeter-ftp=3.3, jmeter-http=3.3, jmeter-jdbc=3.3, jmeter-jms=3.3, jmeter-junit=3.3, jmeter-java=3.3, jmeter-ldap=3.3, jmeter-mail=3.3, jmeter-mongodb=3.3, jmeter-native=3.3, jmeter-tcp=3.3, jmeter-components=3.3, jpgc-standard=2.0]
2018-01-29 20:29:26,766 INFO o.j.r.PluginManagerMenuItem: Plugins Manager has upgrades: [jpgc-casutg, jpgc-plugins-manager, jpgc-rotating-listener, jpgc-webdriver, tilln-wssecurity, websocket-samplers]
2018-01-29 20:30:54,298 INFO o.a.j.p.h.p.ProxyControl: Valid alias found for :root_ca:
2018-01-29 20:30:54,298 INFO o.a.j.p.h.p.ProxyControl: Valid alias found for :intermediate_ca:
2018-01-29 20:30:54,299 INFO o.a.j.p.h.p.Daemon: Creating Daemon Socket on port: 8888
2018-01-29 20:30:54,306 INFO o.a.j.p.h.p.Daemon: Test Script Recorder up and running!
2018-01-29 20:32:32,438 INFO o.a.j.p.h.p.Daemon: HTTP(S) Test Script Recorder stopped
2018-01-29 20:32:32,956 INFO o.a.j.p.h.p.ProxyControl: Valid alias found for :root_ca:
2018-01-29 20:32:32,956 INFO o.a.j.p.h.p.ProxyControl: Valid alias found for :intermediate_ca:
2018-01-29 20:32:32,957 INFO o.a.j.p.h.p.Daemon: Creating Daemon Socket on port: 9090
2018-01-29 20:32:32,970 INFO o.a.j.p.h.p.Daemon: Test Script Recorder up and running!
2018-01-29 20:32:37,981 INFO o.a.j.p.h.p.Proxy: Proxy will remove the headers: If-Modified-Since,If-None-Match,Host
2018-01-29 20:32:37,991 INFO o.a.j.p.h.s.HTTPHCAbstractImpl: Local host = admin
2018-01-29 20:32:37,996 INFO o.a.j.p.h.s.HTTPHC4Impl: HTTP request retry count = 0
2018-01-29 20:32:38,909 INFO o.a.j.s.SampleEvent: List of sample_variables: []
2018-01-29 20:33:21,420 INFO o.a.j.p.h.c.CacheManager: Will only cache the following methods: [GET]
2018-01-29 20:33:48,077 WARN o.a.j.v.ViewResultsFullVisualizer: Error loading result renderer: org.apache.jmeter.visualizers.RenderInBrowser
java.lang.NoClassDefFoundError: javafx/embed/swing/JFXPanel
	at java.lang.Class.forName0(Native Method) ~[?:1.8.0_151]
	at java.lang.Class.forName(Class.java:264) ~[?:1.8.0_151]
	at org.apache.jmeter.visualizers.ViewResultsFullVisualizer.createComboRender(ViewResultsFullVisualizer.java:478) ~[ApacheJMeter_components.jar:3.3 r1808647]
	at org.apache.jmeter.visualizers.ViewResultsFullVisualizer.createLeftPanel(ViewResultsFullVisualizer.java:446) ~[ApacheJMeter_components.jar:3.3 r1808647]
	at org.apache.jmeter.visualizers.ViewResultsFullVisualizer.init(ViewResultsFullVisualizer.java:358) ~[ApacheJMeter_components.jar:3.3 r1808647]
	at org.apache.jmeter.visualizers.ViewResultsFullVisualizer.<init>(ViewResultsFullVisualizer.java:163) ~[ApacheJMeter_components.jar:3.3 r1808647]
	at sun.reflect.NativeConstructorAccessorImpl.newInstance0(Native Method) ~[?:1.8.0_151]
	at sun.reflect.NativeConstructorAccessorImpl.newInstance(NativeConstructorAccessorImpl.java:62) ~[?:1.8.0_151]
	at sun.reflect.DelegatingConstructorAccessorImpl.newInstance(DelegatingConstructorAccessorImpl.java:45) ~[?:1.8.0_151]
	at java.lang.reflect.Constructor.newInstance(Constructor.java:423) ~[?:1.8.0_151]
	at java.lang.Class.newInstance(Class.java:442) ~[?:1.8.0_151]
	at org.apache.jmeter.gui.GuiPackage.getGuiFromCache(GuiPackage.java:399) ~[ApacheJMeter_core.jar:3.3 r1808647]
	at org.apache.jmeter.gui.GuiPackage.createTestElement(GuiPackage.java:346) ~[ApacheJMeter_core.jar:3.3 r1808647]
	at org.apache.jmeter.gui.action.AddToTree.doAction(AddToTree.java:68) ~[ApacheJMeter_core.jar:3.3 r1808647]
	at org.apache.jmeter.gui.action.ActionRouter.performAction(ActionRouter.java:80) ~[ApacheJMeter_core.jar:3.3 r1808647]
	at org.apache.jmeter.gui.action.ActionRouter.lambda$actionPerformed$0(ActionRouter.java:65) ~[ApacheJMeter_core.jar:3.3 r1808647]
	at java.awt.event.InvocationEvent.dispatch(InvocationEvent.java:311) [?:1.8.0_151]
	at java.awt.EventQueue.dispatchEventImpl(EventQueue.java:756) [?:1.8.0_151]
	at java.awt.EventQueue.access$500(EventQueue.java:97) [?:1.8.0_151]
	at java.awt.EventQueue$3.run(EventQueue.java:709) [?:1.8.0_151]
	at java.awt.EventQueue$3.run(EventQueue.java:703) [?:1.8.0_151]
	at java.security.AccessController.doPrivileged(Native Method) ~[?:1.8.0_151]
	at java.security.ProtectionDomain$JavaSecurityAccessImpl.doIntersectionPrivilege(ProtectionDomain.java:80) [?:1.8.0_151]
	at java.awt.EventQueue.dispatchEvent(EventQueue.java:726) [?:1.8.0_151]
	at java.awt.EventDispatchThread.pumpOneEventForFilters(EventDispatchThread.java:201) [?:1.8.0_151]
	at java.awt.EventDispatchThread.pumpEventsForFilter(EventDispatchThread.java:116) [?:1.8.0_151]
	at java.awt.EventDispatchThread.pumpEventsForHierarchy(EventDispatchThread.java:105) [?:1.8.0_151]
	at java.awt.EventDispatchThread.pumpEvents(EventDispatchThread.java:101) [?:1.8.0_151]
	at java.awt.EventDispatchThread.pumpEvents(EventDispatchThread.java:93) [?:1.8.0_151]
	at java.awt.EventDispatchThread.run(EventDispatchThread.java:82) [?:1.8.0_151]
Caused by: java.lang.ClassNotFoundException: javafx.embed.swing.JFXPanel
	at java.net.URLClassLoader.findClass(URLClassLoader.java:381) ~[?:1.8.0_151]
	at java.lang.ClassLoader.loadClass(ClassLoader.java:424) ~[?:1.8.0_151]
	at java.lang.ClassLoader.loadClass(ClassLoader.java:357) ~[?:1.8.0_151]
	... 30 more
2018-01-29 20:33:56,666 INFO o.a.j.s.FileServer: Set new base='/home/lusithaperera/Desktop'
2018-01-29 20:33:56,798 INFO o.a.j.s.SaveService: Testplan (JMX) version: 2.2. Testlog (JTL) version: 2.2
2018-01-29 20:33:56,803 INFO o.a.j.s.SaveService: Using SaveService properties file encoding UTF-8
2018-01-29 20:33:56,804 INFO o.a.j.s.SaveService: Using SaveService properties version 3.2
2018-01-29 20:33:56,842 INFO o.a.j.e.StandardJMeterEngine: Running the test!
2018-01-29 20:33:56,842 INFO o.a.j.s.SampleEvent: List of sample_variables: []
2018-01-29 20:33:56,848 INFO o.a.j.g.u.JMeterMenuBar: setRunning(true, *local*)
2018-01-29 20:33:57,055 INFO o.a.j.e.StandardJMeterEngine: Starting ThreadGroup: 1 : Thread Group
2018-01-29 20:33:57,056 INFO o.a.j.e.StandardJMeterEngine: Starting 3 threads for group Thread Group.
2018-01-29 20:33:57,056 INFO o.a.j.e.StandardJMeterEngine: Thread will continue on error
2018-01-29 20:33:57,056 INFO o.a.j.t.ThreadGroup: Starting thread group... number=1 threads=3 ramp-up=1 perThread=333.33334 delayedStart=false
2018-01-29 20:33:57,061 INFO o.a.j.t.ThreadGroup: Started thread group number 1
2018-01-29 20:33:57,062 INFO o.a.j.e.StandardJMeterEngine: All thread groups have been started
2018-01-29 20:33:57,068 INFO o.a.j.t.JMeterThread: Thread started: Thread Group 1-1
2018-01-29 20:33:57,070 WARN o.a.j.p.h.s.HTTPSamplerBase: Existing CacheManager HTTP Cache Manager superseded by HTTP Cache Manager
2018-01-29 20:33:57,401 INFO o.a.j.t.JMeterThread: Thread started: Thread Group 1-2
2018-01-29 20:33:57,405 WARN o.a.j.p.h.s.HTTPSamplerBase: Existing CacheManager HTTP Cache Manager superseded by HTTP Cache Manager
2018-01-29 20:33:57,734 INFO o.a.j.t.JMeterThread: Thread started: Thread Group 1-3
2018-01-29 20:33:57,735 WARN o.a.j.p.h.s.HTTPSamplerBase: Existing CacheManager HTTP Cache Manager superseded by HTTP Cache Manager
2018-01-29 20:33:57,739 WARN o.a.j.p.h.s.HTTPSamplerBase: Existing CacheManager HTTP Cache Manager superseded by HTTP Cache Manager
2018-01-29 20:33:58,046 WARN o.a.j.p.h.s.HTTPSamplerBase: Existing CacheManager HTTP Cache Manager superseded by HTTP Cache Manager
2018-01-29 20:33:58,049 WARN o.a.j.p.h.s.HTTPSamplerBase: Existing CacheManager HTTP Cache Manager superseded by HTTP Cache Manager
2018-01-29 20:33:58,330 INFO o.a.j.t.JMeterThread: Thread is done: Thread Group 1-1
2018-01-29 20:33:58,331 INFO o.a.j.t.JMeterThread: Thread finished: Thread Group 1-1
2018-01-29 20:33:58,339 WARN o.a.j.p.h.s.HTTPSamplerBase: Existing CacheManager HTTP Cache Manager superseded by HTTP Cache Manager
2018-01-29 20:33:58,341 WARN o.a.j.p.h.s.HTTPSamplerBase: Existing CacheManager HTTP Cache Manager superseded by HTTP Cache Manager
2018-01-29 20:33:58,658 INFO o.a.j.t.JMeterThread: Thread is done: Thread Group 1-2
2018-01-29 20:33:58,658 WARN o.a.j.p.h.s.HTTPSamplerBase: Existing CacheManager HTTP Cache Manager superseded by HTTP Cache Manager
2018-01-29 20:33:58,658 INFO o.a.j.t.JMeterThread: Thread finished: Thread Group 1-2
2018-01-29 20:33:58,967 INFO o.a.j.t.JMeterThread: Thread is done: Thread Group 1-3
2018-01-29 20:33:58,967 INFO o.a.j.t.JMeterThread: Thread finished: Thread Group 1-3
2018-01-29 20:33:58,968 INFO o.a.j.e.StandardJMeterEngine: Notifying test listeners of end of test
2018-01-29 20:33:58,969 INFO o.a.j.g.u.JMeterMenuBar: setRunning(false, *local*)
